<?xml version="1.0" encoding="UTF-8"?>
<testng-results ignored="0" total="2" passed="2" failed="0" skipped="0">
  <reporter-output>
  </reporter-output>
  <suite started-at="2022-05-21T06:55:19Z" name="Default suite" finished-at="2022-05-21T06:55:46Z" duration-ms="26771">
    <groups>
      <group name="cucumber">
        <method signature="AbstractTestNGCucumberTests.runScenario(cucumber.api.testng.PickleEventWrapper, cucumber.api.testng.CucumberFeatureWrapper)[pri:0, instance:TestRunners.Runner@7ceb3185]" name="runScenario" class="cucumber.api.testng.AbstractTestNGCucumberTests"/>
      </group> <!-- cucumber -->
    </groups>
    <test started-at="2022-05-21T06:55:19Z" name="Default test" finished-at="2022-05-21T06:55:46Z" duration-ms="26771">
      <class name="TestRunners.Runner">
        <test-method is-config="true" signature="setUpClass()[pri:0, instance:TestRunners.Runner@7ceb3185]" started-at="2022-05-21T06:55:19Z" name="setUpClass" finished-at="2022-05-21T06:55:19Z" duration-ms="152" status="PASS">
          <reporter-output>
          </reporter-output>
        </test-method> <!-- setUpClass -->
        <test-method signature="runScenario(cucumber.api.testng.PickleEventWrapper, cucumber.api.testng.CucumberFeatureWrapper)[pri:0, instance:TestRunners.Runner@7ceb3185]" started-at="2022-05-21T06:55:19Z" name="runScenario" description="Runs Cucumber Scenarios" data-provider="scenarios" finished-at="2022-05-21T06:55:34Z" duration-ms="14549" status="PASS">
          <params>
            <param index="0">
              <value>
                <![CDATA["Checking Login functionality on FB"]]>
              </value>
            </param>
            <param index="1">
              <value>
                <![CDATA["login page of Application"]]>
              </value>
            </param>
          </params>
          <reporter-output>
          </reporter-output>
        </test-method> <!-- runScenario -->
        <test-method signature="runScenario(cucumber.api.testng.PickleEventWrapper, cucumber.api.testng.CucumberFeatureWrapper)[pri:0, instance:TestRunners.Runner@7ceb3185]" started-at="2022-05-21T06:55:34Z" name="runScenario" description="Runs Cucumber Scenarios" data-provider="scenarios" finished-at="2022-05-21T06:55:46Z" duration-ms="11924" status="PASS">
          <params>
            <param index="0">
              <value>
                <![CDATA["Checking Login functionality on FB"]]>
              </value>
            </param>
            <param index="1">
              <value>
                <![CDATA["login page of Application"]]>
              </value>
            </param>
          </params>
          <reporter-output>
          </reporter-output>
        </test-method> <!-- runScenario -->
        <test-method is-config="true" signature="tearDownClass()[pri:0, instance:TestRunners.Runner@7ceb3185]" started-at="2022-05-21T06:55:46Z" name="tearDownClass" finished-at="2022-05-21T06:55:46Z" duration-ms="44" status="PASS">
          <reporter-output>
          </reporter-output>
        </test-method> <!-- tearDownClass -->
      </class> <!-- TestRunners.Runner -->
    </test> <!-- Default test -->
  </suite> <!-- Default suite -->
</testng-results>
